<?xml version="1.0" encoding="UTF-8"?>
<!-- Generated by org.testng.reporters.JUnitXMLReporter -->
<testsuite ignored="0" hostname="LAPTOP-33JDKDRM" failures="1" tests="5" name="Test" time="58.327" errors="0" timestamp="2023-07-02T22:18:13 IST">
  <testcase classname="Test_Classes.Post_TC1" name="extractor" time="22.614"/>
  <testcase classname="Test_Classes.Put_TC1" name="extractor" time="10.686"/>
  <testcase classname="Test_Classes.Patch_TC1" name="extractor" time="17.093"/>
  <testcase classname="Test_Classes.Post_Retry_TC" name="validator" time="0.0">
    <failure type="org.testng.TestNGException" message="
Cannot inject @Test annotated Method [validator] with [class java.lang.String, class java.lang.String].
For more information on native dependency injection please refer to https://testng.org/doc/documentation-main.html#native-dependency-injection">
      <![CDATA[org.testng.TestNGException: 
Cannot inject @Test annotated Method [validator] with [class java.lang.String, class java.lang.String].
For more information on native dependency injection please refer to https://testng.org/doc/documentation-main.html#native-dependency-injection
at java.base/java.util.ArrayList.forEach(ArrayList.java:1511)
... Removed 26 stack frames]]>
    </failure>
  </testcase> <!-- validator -->
  <testcase classname="Test_Classes.Post_Retry_TC" name="extractor" time="7.726"/>
</testsuite> <!-- Test -->
